2023-06-29 23:01:08,540 [myid:] - INFO  [main:o.a.z.s.q.QuorumPeerConfig@177] - Reading configuration from: /Users/ats1999/Desktop/projects/zookeeper/apache-zookeeper-3.8.1-bin/bin/../conf/zoo.cfg
2023-06-29 23:01:08,541 [myid:] - INFO  [main:o.a.z.s.q.QuorumPeerConfig@440] - clientPortAddress is 0.0.0.0:2181
2023-06-29 23:01:08,542 [myid:] - INFO  [main:o.a.z.s.q.QuorumPeerConfig@444] - secureClientPort is not set
2023-06-29 23:01:08,542 [myid:] - INFO  [main:o.a.z.s.q.QuorumPeerConfig@460] - observerMasterPort is not set
2023-06-29 23:01:08,542 [myid:] - INFO  [main:o.a.z.s.q.QuorumPeerConfig@477] - metricsProvider.className is org.apache.zookeeper.metrics.impl.DefaultMetricsProvider
2023-06-29 23:01:08,543 [myid:] - INFO  [main:o.a.z.s.DatadirCleanupManager@78] - autopurge.snapRetainCount set to 3
2023-06-29 23:01:08,543 [myid:] - INFO  [main:o.a.z.s.DatadirCleanupManager@79] - autopurge.purgeInterval set to 0
2023-06-29 23:01:08,543 [myid:] - INFO  [main:o.a.z.s.DatadirCleanupManager@101] - Purge task is not scheduled.
2023-06-29 23:01:08,543 [myid:] - WARN  [main:o.a.z.s.q.QuorumPeerMain@139] - Either no config or no quorum defined in config, running in standalone mode
2023-06-29 23:01:08,543 [myid:] - INFO  [main:o.a.z.j.ManagedUtil@46] - Log4j 1.2 jmx support not found; jmx disabled.
2023-06-29 23:01:08,543 [myid:] - INFO  [main:o.a.z.s.q.QuorumPeerConfig@177] - Reading configuration from: /Users/ats1999/Desktop/projects/zookeeper/apache-zookeeper-3.8.1-bin/bin/../conf/zoo.cfg
2023-06-29 23:01:08,544 [myid:] - INFO  [main:o.a.z.s.q.QuorumPeerConfig@440] - clientPortAddress is 0.0.0.0:2181
2023-06-29 23:01:08,544 [myid:] - INFO  [main:o.a.z.s.q.QuorumPeerConfig@444] - secureClientPort is not set
2023-06-29 23:01:08,544 [myid:] - INFO  [main:o.a.z.s.q.QuorumPeerConfig@460] - observerMasterPort is not set
2023-06-29 23:01:08,544 [myid:] - INFO  [main:o.a.z.s.q.QuorumPeerConfig@477] - metricsProvider.className is org.apache.zookeeper.metrics.impl.DefaultMetricsProvider
2023-06-29 23:01:08,544 [myid:] - INFO  [main:o.a.z.s.ZooKeeperServerMain@123] - Starting server
2023-06-29 23:01:08,549 [myid:] - INFO  [main:o.a.z.s.ServerMetrics@64] - ServerMetrics initialized with provider org.apache.zookeeper.metrics.impl.DefaultMetricsProvider@5b239d7d
2023-06-29 23:01:08,550 [myid:] - INFO  [main:o.a.z.s.a.DigestAuthenticationProvider@47] - ACL digest algorithm is: SHA1
2023-06-29 23:01:08,550 [myid:] - INFO  [main:o.a.z.s.a.DigestAuthenticationProvider@61] - zookeeper.DigestAuthenticationProvider.enabled = true
2023-06-29 23:01:08,551 [myid:] - INFO  [main:o.a.z.s.p.FileTxnSnapLog@124] - zookeeper.snapshot.trust.empty : false
2023-06-29 23:01:08,554 [myid:] - INFO  [main:o.a.z.ZookeeperBanner@42] - 
2023-06-29 23:01:08,554 [myid:] - INFO  [main:o.a.z.ZookeeperBanner@42] -   ______                  _                                          
2023-06-29 23:01:08,554 [myid:] - INFO  [main:o.a.z.ZookeeperBanner@42] -  |___  /                 | |                                         
2023-06-29 23:01:08,554 [myid:] - INFO  [main:o.a.z.ZookeeperBanner@42] -     / /    ___     ___   | | __   ___    ___   _ __     ___   _ __   
2023-06-29 23:01:08,554 [myid:] - INFO  [main:o.a.z.ZookeeperBanner@42] -    / /    / _ \   / _ \  | |/ /  / _ \  / _ \ | '_ \   / _ \ | '__|
2023-06-29 23:01:08,554 [myid:] - INFO  [main:o.a.z.ZookeeperBanner@42] -   / /__  | (_) | | (_) | |   <  |  __/ |  __/ | |_) | |  __/ | |    
2023-06-29 23:01:08,554 [myid:] - INFO  [main:o.a.z.ZookeeperBanner@42] -  /_____|  \___/   \___/  |_|\_\  \___|  \___| | .__/   \___| |_|
2023-06-29 23:01:08,555 [myid:] - INFO  [main:o.a.z.ZookeeperBanner@42] -                                               | |                     
2023-06-29 23:01:08,555 [myid:] - INFO  [main:o.a.z.ZookeeperBanner@42] -                                               |_|                     
2023-06-29 23:01:08,555 [myid:] - INFO  [main:o.a.z.ZookeeperBanner@42] - 
2023-06-29 23:01:08,564 [myid:] - INFO  [main:o.a.z.Environment@98] - Server environment:zookeeper.version=3.8.1-74db005175a4ec545697012f9069cb9dcc8cdda7, built on 2023-01-25 16:31 UTC
2023-06-29 23:01:08,565 [myid:] - INFO  [main:o.a.z.Environment@98] - Server environment:host.name=192.168.1.3
2023-06-29 23:01:08,565 [myid:] - INFO  [main:o.a.z.Environment@98] - Server environment:java.version=18.0.1.1
2023-06-29 23:01:08,565 [myid:] - INFO  [main:o.a.z.Environment@98] - Server environment:java.vendor=Oracle Corporation
2023-06-29 23:01:08,565 [myid:] - INFO  [main:o.a.z.Environment@98] - Server environment:java.home=/Users/ats1999/Library/Java/JavaVirtualMachines/openjdk-18.0.1.1/Contents/Home
2023-06-29 23:01:08,565 [myid:] - INFO  [main:o.a.z.Environment@98] - Server environment:java.class.path=/Users/ats1999/Desktop/projects/zookeeper/apache-zookeeper-3.8.1-bin/bin/../zookeeper-server/target/classes:/Users/ats1999/Desktop/projects/zookeeper/apache-zookeeper-3.8.1-bin/bin/../build/classes:/Users/ats1999/Desktop/projects/zookeeper/apache-zookeeper-3.8.1-bin/bin/../zookeeper-server/target/lib/*.jar:/Users/ats1999/Desktop/projects/zookeeper/apache-zookeeper-3.8.1-bin/bin/../build/lib/*.jar:/Users/ats1999/Desktop/projects/zookeeper/apache-zookeeper-3.8.1-bin/bin/../lib/zookeeper-prometheus-metrics-3.8.1.jar:/Users/ats1999/Desktop/projects/zookeeper/apache-zookeeper-3.8.1-bin/bin/../lib/zookeeper-jute-3.8.1.jar:/Users/ats1999/Desktop/projects/zookeeper/apache-zookeeper-3.8.1-bin/bin/../lib/zookeeper-3.8.1.jar:/Users/ats1999/Desktop/projects/zookeeper/apache-zookeeper-3.8.1-bin/bin/../lib/snappy-java-1.1.7.7.jar:/Users/ats1999/Desktop/projects/zookeeper/apache-zookeeper-3.8.1-bin/bin/../lib/slf4j-api-1.7.30.jar:/Users/ats1999/Desktop/projects/zookeeper/apache-zookeeper-3.8.1-bin/bin/../lib/simpleclient_servlet-0.9.0.jar:/Users/ats1999/Desktop/projects/zookeeper/apache-zookeeper-3.8.1-bin/bin/../lib/simpleclient_hotspot-0.9.0.jar:/Users/ats1999/Desktop/projects/zookeeper/apache-zookeeper-3.8.1-bin/bin/../lib/simpleclient_common-0.9.0.jar:/Users/ats1999/Desktop/projects/zookeeper/apache-zookeeper-3.8.1-bin/bin/../lib/simpleclient-0.9.0.jar:/Users/ats1999/Desktop/projects/zookeeper/apache-zookeeper-3.8.1-bin/bin/../lib/netty-transport-native-unix-common-4.1.86.Final.jar:/Users/ats1999/Desktop/projects/zookeeper/apache-zookeeper-3.8.1-bin/bin/../lib/netty-transport-native-epoll-4.1.86.Final.jar:/Users/ats1999/Desktop/projects/zookeeper/apache-zookeeper-3.8.1-bin/bin/../lib/netty-transport-classes-epoll-4.1.86.Final.jar:/Users/ats1999/Desktop/projects/zookeeper/apache-zookeeper-3.8.1-bin/bin/../lib/netty-transport-4.1.86.Final.jar:/Users/ats1999/Desktop/projects/zookeeper/apache-zookeeper-3.8.1-bin/bin/../lib/netty-resolver-4.1.86.Final.jar:/Users/ats1999/Desktop/projects/zookeeper/apache-zookeeper-3.8.1-bin/bin/../lib/netty-handler-4.1.86.Final.jar:/Users/ats1999/Desktop/projects/zookeeper/apache-zookeeper-3.8.1-bin/bin/../lib/netty-common-4.1.86.Final.jar:/Users/ats1999/Desktop/projects/zookeeper/apache-zookeeper-3.8.1-bin/bin/../lib/netty-codec-4.1.86.Final.jar:/Users/ats1999/Desktop/projects/zookeeper/apache-zookeeper-3.8.1-bin/bin/../lib/netty-buffer-4.1.86.Final.jar:/Users/ats1999/Desktop/projects/zookeeper/apache-zookeeper-3.8.1-bin/bin/../lib/metrics-core-4.1.12.1.jar:/Users/ats1999/Desktop/projects/zookeeper/apache-zookeeper-3.8.1-bin/bin/../lib/logback-core-1.2.10.jar:/Users/ats1999/Desktop/projects/zookeeper/apache-zookeeper-3.8.1-bin/bin/../lib/logback-classic-1.2.10.jar:/Users/ats1999/Desktop/projects/zookeeper/apache-zookeeper-3.8.1-bin/bin/../lib/jline-2.14.6.jar:/Users/ats1999/Desktop/projects/zookeeper/apache-zookeeper-3.8.1-bin/bin/../lib/jetty-util-ajax-9.4.49.v20220914.jar:/Users/ats1999/Desktop/projects/zookeeper/apache-zookeeper-3.8.1-bin/bin/../lib/jetty-util-9.4.49.v20220914.jar:/Users/ats1999/Desktop/projects/zookeeper/apache-zookeeper-3.8.1-bin/bin/../lib/jetty-servlet-9.4.49.v20220914.jar:/Users/ats1999/Desktop/projects/zookeeper/apache-zookeeper-3.8.1-bin/bin/../lib/jetty-server-9.4.49.v20220914.jar:/Users/ats1999/Desktop/projects/zookeeper/apache-zookeeper-3.8.1-bin/bin/../lib/jetty-security-9.4.49.v20220914.jar:/Users/ats1999/Desktop/projects/zookeeper/apache-zookeeper-3.8.1-bin/bin/../lib/jetty-io-9.4.49.v20220914.jar:/Users/ats1999/Desktop/projects/zookeeper/apache-zookeeper-3.8.1-bin/bin/../lib/jetty-http-9.4.49.v20220914.jar:/Users/ats1999/Desktop/projects/zookeeper/apache-zookeeper-3.8.1-bin/bin/../lib/javax.servlet-api-3.1.0.jar:/Users/ats1999/Desktop/projects/zookeeper/apache-zookeeper-3.8.1-bin/bin/../lib/jackson-databind-2.13.4.2.jar:/Users/ats1999/Desktop/projects/zookeeper/apache-zookeeper-3.8.1-bin/bin/../lib/jackson-core-2.13.4.jar:/Users/ats1999/Desktop/projects/zookeeper/apache-zookeeper-3.8.1-bin/bin/../lib/jackson-annotations-2.13.4.jar:/Users/ats1999/Desktop/projects/zookeeper/apache-zookeeper-3.8.1-bin/bin/../lib/commons-io-2.11.0.jar:/Users/ats1999/Desktop/projects/zookeeper/apache-zookeeper-3.8.1-bin/bin/../lib/commons-cli-1.5.0.jar:/Users/ats1999/Desktop/projects/zookeeper/apache-zookeeper-3.8.1-bin/bin/../lib/audience-annotations-0.12.0.jar:/Users/ats1999/Desktop/projects/zookeeper/apache-zookeeper-3.8.1-bin/bin/../zookeeper-*.jar:/Users/ats1999/Desktop/projects/zookeeper/apache-zookeeper-3.8.1-bin/bin/../zookeeper-server/src/main/resources/lib/*.jar:/Users/ats1999/Desktop/projects/zookeeper/apache-zookeeper-3.8.1-bin/bin/../conf:
2023-06-29 23:01:08,565 [myid:] - INFO  [main:o.a.z.Environment@98] - Server environment:java.library.path=/Users/ats1999/Library/Java/Extensions:/Library/Java/Extensions:/Network/Library/Java/Extensions:/System/Library/Java/Extensions:/usr/lib/java:.
2023-06-29 23:01:08,565 [myid:] - INFO  [main:o.a.z.Environment@98] - Server environment:java.io.tmpdir=/var/folders/f4/0l_39ql52w321vdfcwfnrhhc0000gp/T/
2023-06-29 23:01:08,565 [myid:] - INFO  [main:o.a.z.Environment@98] - Server environment:java.compiler=<NA>
2023-06-29 23:01:08,565 [myid:] - INFO  [main:o.a.z.Environment@98] - Server environment:os.name=Mac OS X
2023-06-29 23:01:08,565 [myid:] - INFO  [main:o.a.z.Environment@98] - Server environment:os.arch=aarch64
2023-06-29 23:01:08,565 [myid:] - INFO  [main:o.a.z.Environment@98] - Server environment:os.version=13.1
2023-06-29 23:01:08,565 [myid:] - INFO  [main:o.a.z.Environment@98] - Server environment:user.name=ats1999
2023-06-29 23:01:08,565 [myid:] - INFO  [main:o.a.z.Environment@98] - Server environment:user.home=/Users/ats1999
2023-06-29 23:01:08,565 [myid:] - INFO  [main:o.a.z.Environment@98] - Server environment:user.dir=/Users/ats1999/Desktop/projects/zookeeper/apache-zookeeper-3.8.1-bin
2023-06-29 23:01:08,565 [myid:] - INFO  [main:o.a.z.Environment@98] - Server environment:os.memory.free=243MB
2023-06-29 23:01:08,565 [myid:] - INFO  [main:o.a.z.Environment@98] - Server environment:os.memory.max=1000MB
2023-06-29 23:01:08,565 [myid:] - INFO  [main:o.a.z.Environment@98] - Server environment:os.memory.total=258MB
2023-06-29 23:01:08,565 [myid:] - INFO  [main:o.a.z.s.ZooKeeperServer@140] - zookeeper.enableEagerACLCheck = false
2023-06-29 23:01:08,565 [myid:] - INFO  [main:o.a.z.s.ZooKeeperServer@153] - zookeeper.digest.enabled = true
2023-06-29 23:01:08,565 [myid:] - INFO  [main:o.a.z.s.ZooKeeperServer@157] - zookeeper.closeSessionTxn.enabled = true
2023-06-29 23:01:08,565 [myid:] - INFO  [main:o.a.z.s.ZooKeeperServer@1510] - zookeeper.flushDelay = 0 ms
2023-06-29 23:01:08,565 [myid:] - INFO  [main:o.a.z.s.ZooKeeperServer@1519] - zookeeper.maxWriteQueuePollTime = 0 ms
2023-06-29 23:01:08,565 [myid:] - INFO  [main:o.a.z.s.ZooKeeperServer@1528] - zookeeper.maxBatchSize=1000
2023-06-29 23:01:08,565 [myid:] - INFO  [main:o.a.z.s.ZooKeeperServer@275] - zookeeper.intBufferStartingSizeBytes = 1024
2023-06-29 23:01:08,566 [myid:] - INFO  [main:o.a.z.s.BlueThrottle@141] - Weighed connection throttling is disabled
2023-06-29 23:01:08,566 [myid:] - INFO  [main:o.a.z.s.ZooKeeperServer@1311] - minSessionTimeout set to 4000 ms
2023-06-29 23:01:08,566 [myid:] - INFO  [main:o.a.z.s.ZooKeeperServer@1320] - maxSessionTimeout set to 40000 ms
2023-06-29 23:01:08,567 [myid:] - INFO  [main:o.a.z.s.ResponseCache@45] - getData response cache size is initialized with value 400.
2023-06-29 23:01:08,567 [myid:] - INFO  [main:o.a.z.s.ResponseCache@45] - getChildren response cache size is initialized with value 400.
2023-06-29 23:01:08,567 [myid:] - INFO  [main:o.a.z.s.u.RequestPathMetricsCollector@109] - zookeeper.pathStats.slotCapacity = 60
2023-06-29 23:01:08,568 [myid:] - INFO  [main:o.a.z.s.u.RequestPathMetricsCollector@110] - zookeeper.pathStats.slotDuration = 15
2023-06-29 23:01:08,568 [myid:] - INFO  [main:o.a.z.s.u.RequestPathMetricsCollector@111] - zookeeper.pathStats.maxDepth = 6
2023-06-29 23:01:08,568 [myid:] - INFO  [main:o.a.z.s.u.RequestPathMetricsCollector@112] - zookeeper.pathStats.initialDelay = 5
2023-06-29 23:01:08,568 [myid:] - INFO  [main:o.a.z.s.u.RequestPathMetricsCollector@113] - zookeeper.pathStats.delay = 5
2023-06-29 23:01:08,568 [myid:] - INFO  [main:o.a.z.s.u.RequestPathMetricsCollector@114] - zookeeper.pathStats.enabled = false
2023-06-29 23:01:08,569 [myid:] - INFO  [main:o.a.z.s.ZooKeeperServer@1547] - The max bytes for all large requests are set to 104857600
2023-06-29 23:01:08,569 [myid:] - INFO  [main:o.a.z.s.ZooKeeperServer@1561] - The large request threshold is set to -1
2023-06-29 23:01:08,569 [myid:] - INFO  [main:o.a.z.s.AuthenticationHelper@66] - zookeeper.enforce.auth.enabled = false
2023-06-29 23:01:08,569 [myid:] - INFO  [main:o.a.z.s.AuthenticationHelper@67] - zookeeper.enforce.auth.schemes = []
2023-06-29 23:01:08,569 [myid:] - INFO  [main:o.a.z.s.ZooKeeperServer@376] - Created server with tickTime 2000 ms minSessionTimeout 4000 ms maxSessionTimeout 40000 ms clientPortListenBacklog -1 datadir /tmp/zookeeper/version-2 snapdir /tmp/zookeeper/version-2
2023-06-29 23:01:08,581 [myid:] - INFO  [main:o.e.j.u.l.Log@170] - Logging initialized @659ms to org.eclipse.jetty.util.log.Slf4jLog
2023-06-29 23:01:08,610 [myid:] - WARN  [main:o.e.j.s.h.ContextHandler@1662] - o.e.j.s.ServletContextHandler@73e22a3d{/,null,STOPPED} contextPath ends with /*
2023-06-29 23:01:08,610 [myid:] - WARN  [main:o.e.j.s.h.ContextHandler@1673] - Empty contextPath
2023-06-29 23:01:08,617 [myid:] - INFO  [main:o.e.j.s.Server@375] - jetty-9.4.49.v20220914; built: 2022-09-14T01:07:36.601Z; git: 4231a3b2e4cb8548a412a789936d640a97b1aa0a; jvm 18.0.1.1+2-6
2023-06-29 23:01:08,627 [myid:] - INFO  [main:o.e.j.s.s.DefaultSessionIdManager@334] - DefaultSessionIdManager workerName=node0
2023-06-29 23:01:08,627 [myid:] - INFO  [main:o.e.j.s.s.DefaultSessionIdManager@339] - No SessionScavenger set, using defaults
2023-06-29 23:01:08,628 [myid:] - INFO  [main:o.e.j.s.s.HouseKeeper@132] - node0 Scavenging every 600000ms
2023-06-29 23:01:08,629 [myid:] - WARN  [main:o.e.j.s.ConstraintSecurityHandler@759] - ServletContext@o.e.j.s.ServletContextHandler@73e22a3d{/,null,STARTING} has uncovered http methods for path: /*
2023-06-29 23:01:08,637 [myid:] - INFO  [main:o.e.j.s.h.ContextHandler@921] - Started o.e.j.s.ServletContextHandler@73e22a3d{/,null,AVAILABLE}
2023-06-29 23:01:08,643 [myid:] - INFO  [main:o.e.j.s.AbstractConnector@333] - Started ServerConnector@366647c2{HTTP/1.1, (http/1.1)}{0.0.0.0:8080}
2023-06-29 23:01:08,643 [myid:] - INFO  [main:o.e.j.s.Server@415] - Started @721ms
2023-06-29 23:01:08,643 [myid:] - INFO  [main:o.a.z.s.a.JettyAdminServer@196] - Started AdminServer on address 0.0.0.0, port 8080 and command URL /commands
2023-06-29 23:01:08,645 [myid:] - INFO  [main:o.a.z.s.ServerCnxnFactory@169] - Using org.apache.zookeeper.server.NIOServerCnxnFactory as server connection factory
2023-06-29 23:01:08,645 [myid:] - WARN  [main:o.a.z.s.ServerCnxnFactory@309] - maxCnxns is not configured, using default value 0.
2023-06-29 23:01:08,646 [myid:] - INFO  [main:o.a.z.s.NIOServerCnxnFactory@652] - Configuring NIO connection handler with 10s sessionless connection timeout, 2 selector thread(s), 16 worker threads, and 64 kB direct buffers.
2023-06-29 23:01:08,646 [myid:] - INFO  [main:o.a.z.s.NIOServerCnxnFactory@660] - binding to port 0.0.0.0/0.0.0.0:2181
2023-06-29 23:01:08,651 [myid:] - INFO  [main:o.a.z.s.w.WatchManagerFactory@42] - Using org.apache.zookeeper.server.watch.WatchManager as watch manager
2023-06-29 23:01:08,651 [myid:] - INFO  [main:o.a.z.s.w.WatchManagerFactory@42] - Using org.apache.zookeeper.server.watch.WatchManager as watch manager
2023-06-29 23:01:08,651 [myid:] - INFO  [main:o.a.z.s.ZKDatabase@132] - zookeeper.snapshotSizeFactor = 0.33
2023-06-29 23:01:08,651 [myid:] - INFO  [main:o.a.z.s.ZKDatabase@152] - zookeeper.commitLogCount=500
2023-06-29 23:01:08,652 [myid:] - INFO  [main:o.a.z.s.p.SnapStream@61] - zookeeper.snapshot.compression.method = CHECKED
2023-06-29 23:01:08,653 [myid:] - INFO  [main:o.a.z.s.p.FileSnap@85] - Reading snapshot /tmp/zookeeper/version-2/snapshot.0
2023-06-29 23:01:08,654 [myid:] - INFO  [main:o.a.z.s.DataTree@1712] - The digest value is empty in snapshot
2023-06-29 23:01:08,660 [myid:] - INFO  [main:o.a.z.a.ZKAuditProvider@42] - ZooKeeper audit is disabled.
2023-06-29 23:01:08,661 [myid:] - INFO  [main:o.a.z.s.p.FileTxnSnapLog@372] - 46 txns loaded in 6 ms
2023-06-29 23:01:08,661 [myid:] - INFO  [main:o.a.z.s.ZKDatabase@289] - Snapshot loaded in 11 ms, highest zxid is 0x2e, digest is 20673351435
2023-06-29 23:01:08,662 [myid:] - INFO  [main:o.a.z.s.p.FileTxnSnapLog@479] - Snapshotting: 0x2e to /tmp/zookeeper/version-2/snapshot.2e
2023-06-29 23:01:08,662 [myid:] - INFO  [main:o.a.z.s.ZooKeeperServer@558] - Snapshot taken in 0 ms
2023-06-29 23:01:08,665 [myid:] - INFO  [ProcessThread(sid:0 cport:2181)::o.a.z.s.PrepRequestProcessor@138] - PrepRequestProcessor (sid:0) started, reconfigEnabled=false
2023-06-29 23:01:08,665 [myid:] - INFO  [main:o.a.z.s.RequestThrottler@75] - zookeeper.request_throttler.shutdownTimeout = 10000 ms
2023-06-29 23:01:08,671 [myid:] - INFO  [main:o.a.z.s.ContainerManager@84] - Using checkIntervalMs=60000 maxPerMinute=10000 maxNeverUsedIntervalMs=0
2023-06-29 23:01:17,215 [myid:] - INFO  [SyncThread:0:o.a.z.s.p.FileTxnLog@285] - Creating new log file: log.2f
2023-06-29 23:41:06,878 [myid:] - INFO  [NIOWorkerThread-8:o.a.z.s.NIOServerCnxn@337] - Unable to read additional data from client, it probably closed the socket: address = /127.0.0.1:62425, session = 0x1000185c69e0007
2023-06-29 23:41:08,506 [myid:] - INFO  [NIOWorkerThread-9:o.a.z.s.NIOServerCnxn@337] - Unable to read additional data from client, it probably closed the socket: address = /127.0.0.1:62447, session = 0x10003c401e50000
2023-06-29 23:41:29,418 [myid:] - INFO  [SessionTracker:o.a.z.s.ZooKeeperServer@643] - Expiring session 0x1000185c69e0007, timeout of 30000ms exceeded
2023-06-29 23:41:33,415 [myid:] - INFO  [SessionTracker:o.a.z.s.ZooKeeperServer@643] - Expiring session 0x10003c401e50000, timeout of 30000ms exceeded
